TN:
SF:controller\authController.js
FN:8,(anonymous_0)
FN:13,(anonymous_1)
FN:36,(anonymous_2)
FN:51,(anonymous_3)
FN:52,(anonymous_4)
FN:57,(anonymous_5)
FN:66,(anonymous_6)
FNF:7
FNH:5
FNDA:2,(anonymous_0)
FNDA:2,(anonymous_1)
FNDA:2,(anonymous_2)
FNDA:0,(anonymous_3)
FNDA:0,(anonymous_4)
FNDA:2,(anonymous_5)
FNDA:2,(anonymous_6)
DA:6,1
DA:8,1
DA:9,2
DA:10,2
DA:13,1
DA:14,2
DA:15,2
DA:16,2
DA:18,2
DA:19,1
DA:26,1
DA:28,1
DA:31,0
DA:32,0
DA:36,1
DA:37,2
DA:38,1
DA:45,1
DA:47,1
DA:51,1
DA:52,0
DA:53,0
DA:57,1
DA:58,2
DA:59,1
DA:60,1
DA:62,1
DA:66,1
DA:67,2
DA:68,1
DA:70,1
DA:74,1
LF:32
LH:28
BRDA:9,0,0,2
BRDA:9,0,1,1
BRDA:18,1,0,1
BRDA:18,1,1,1
BRDA:37,2,0,1
BRDA:37,2,1,1
BRDA:58,3,0,1
BRDA:58,3,1,1
BRDA:58,4,0,2
BRDA:58,4,1,2
BRDA:67,5,0,1
BRDA:67,5,1,1
BRDA:67,6,0,2
BRDA:67,6,1,2
BRF:14
BRH:14
end_of_record
TN:
SF:controller\bookingController.js
FN:9,(anonymous_0)
FN:30,(anonymous_1)
FN:103,(anonymous_2)
FN:114,(anonymous_3)
FNF:4
FNH:1
FNDA:0,(anonymous_0)
FNDA:5,(anonymous_1)
FNDA:0,(anonymous_2)
FNDA:0,(anonymous_3)
DA:7,1
DA:9,1
DA:10,0
DA:11,0
DA:12,0
DA:14,0
DA:15,0
DA:18,0
DA:25,0
DA:26,0
DA:30,1
DA:31,5
DA:32,5
DA:33,5
DA:34,5
DA:36,5
DA:37,0
DA:41,5
DA:42,1
DA:51,4
DA:52,1
DA:61,3
DA:62,3
DA:63,3
DA:64,1
DA:74,2
DA:75,2
DA:76,1
DA:85,1
DA:86,1
DA:87,0
DA:95,1
DA:96,1
DA:98,0
DA:99,0
DA:103,1
DA:104,0
DA:105,0
DA:106,0
DA:107,0
DA:109,0
DA:110,0
DA:114,1
DA:115,0
DA:116,0
DA:117,0
DA:119,0
DA:120,0
DA:123,0
DA:125,0
DA:126,0
DA:130,1
LF:52
LH:26
BRDA:14,0,0,0
BRDA:14,0,1,0
BRDA:36,1,0,0
BRDA:36,1,1,5
BRDA:41,2,0,1
BRDA:41,2,1,4
BRDA:51,3,0,1
BRDA:51,3,1,3
BRDA:51,4,0,4
BRDA:51,4,1,3
BRDA:63,5,0,1
BRDA:63,5,1,2
BRDA:75,6,0,1
BRDA:75,6,1,1
BRDA:86,7,0,0
BRDA:86,7,1,1
BRDA:119,8,0,0
BRDA:119,8,1,0
BRDA:119,9,0,0
BRDA:119,9,1,0
BRDA:119,9,2,0
BRF:21
BRH:12
end_of_record
TN:
SF:controller\roomController.js
FN:8,(anonymous_0)
FN:25,(anonymous_1)
FN:29,(anonymous_2)
FN:48,(anonymous_3)
FN:56,(anonymous_4)
FN:82,(anonymous_5)
FNF:6
FNH:0
FNDA:0,(anonymous_0)
FNDA:0,(anonymous_1)
FNDA:0,(anonymous_2)
FNDA:0,(anonymous_3)
FNDA:0,(anonymous_4)
FNDA:0,(anonymous_5)
DA:6,0
DA:8,0
DA:9,0
DA:10,0
DA:11,0
DA:12,0
DA:13,0
DA:20,0
DA:21,0
DA:25,0
DA:26,0
DA:29,0
DA:30,0
DA:31,0
DA:32,0
DA:33,0
DA:41,0
DA:43,0
DA:44,0
DA:48,0
DA:49,0
DA:56,0
DA:57,0
DA:58,0
DA:61,0
DA:62,0
DA:70,0
DA:71,0
DA:77,0
DA:78,0
DA:82,0
DA:83,0
DA:84,0
DA:85,0
DA:86,0
DA:89,0
DA:91,0
DA:100,0
DA:101,0
DA:105,0
LF:40
LH:0
BRDA:32,0,0,0
BRDA:32,0,1,0
BRDA:32,1,0,0
BRDA:32,1,1,0
BRDA:61,2,0,0
BRDA:61,2,1,0
BRDA:89,3,0,0
BRDA:89,3,1,0
BRF:8
BRH:0
end_of_record
TN:
SF:model\data.js
FN:9,parseFacilities
FN:11,(anonymous_1)
FN:11,(anonymous_2)
FN:15,mapCourt
FN:28,mapBooking
FN:48,(anonymous_5)
FN:56,(anonymous_6)
FN:81,(anonymous_7)
FN:86,(anonymous_8)
FN:95,(anonymous_9)
FN:100,(anonymous_10)
FN:105,(anonymous_11)
FN:129,(anonymous_12)
FN:134,(anonymous_13)
FN:139,(anonymous_14)
FN:147,(anonymous_15)
FN:167,(anonymous_16)
FN:189,(anonymous_17)
FN:203,(anonymous_18)
FN:221,(anonymous_19)
FN:254,(anonymous_20)
FN:271,(anonymous_21)
FN:277,(anonymous_22)
FN:285,(anonymous_23)
FNF:24
FNH:20
FNDA:5,parseFacilities
FNDA:5,(anonymous_1)
FNDA:5,(anonymous_2)
FNDA:5,mapCourt
FNDA:4,mapBooking
FNDA:2,(anonymous_5)
FNDA:2,(anonymous_6)
FNDA:2,(anonymous_7)
FNDA:1,(anonymous_8)
FNDA:1,(anonymous_9)
FNDA:2,(anonymous_10)
FNDA:1,(anonymous_11)
FNDA:1,(anonymous_12)
FNDA:0,(anonymous_13)
FNDA:0,(anonymous_14)
FNDA:1,(anonymous_15)
FNDA:2,(anonymous_16)
FNDA:0,(anonymous_17)
FNDA:2,(anonymous_18)
FNDA:1,(anonymous_19)
FNDA:1,(anonymous_20)
FNDA:1,(anonymous_21)
FNDA:1,(anonymous_22)
FNDA:0,(anonymous_23)
DA:6,2
DA:10,5
DA:11,5
DA:16,5
DA:29,4
DA:43,2
DA:49,2
DA:53,2
DA:57,2
DA:58,2
DA:63,2
DA:65,1
DA:66,1
DA:71,1
DA:82,2
DA:83,2
DA:87,1
DA:88,1
DA:96,1
DA:97,1
DA:101,2
DA:102,2
DA:106,1
DA:110,1
DA:122,1
DA:130,1
DA:131,1
DA:135,0
DA:136,0
DA:140,0
DA:144,0
DA:148,1
DA:152,1
DA:168,2
DA:178,2
DA:180,2
DA:181,0
DA:182,0
DA:185,2
DA:186,2
DA:190,0
DA:200,0
DA:204,2
DA:214,2
DA:223,1
DA:224,1
DA:226,1
DA:227,0
DA:228,0
DA:230,1
DA:231,0
DA:232,0
DA:235,1
DA:238,1
DA:239,1
DA:241,2
DA:252,2
DA:253,2
DA:254,1
DA:255,1
DA:258,2
DA:264,1
DA:272,1
DA:273,1
DA:274,1
DA:278,1
DA:279,1
DA:280,1
DA:281,1
DA:286,0
DA:287,0
LF:71
LH:57
BRDA:10,0,0,1
BRDA:10,0,1,4
BRDA:32,1,0,1
BRDA:32,1,1,3
BRDA:53,2,0,2
BRDA:53,2,1,1
BRDA:63,3,0,1
BRDA:63,3,1,1
BRDA:65,4,0,1
BRDA:65,4,1,0
BRDA:65,5,0,1
BRDA:65,5,1,1
BRDA:83,6,0,2
BRDA:83,6,1,1
BRDA:102,7,0,1
BRDA:102,7,1,1
BRDA:106,8,0,1
BRDA:106,8,1,0
BRDA:108,9,0,0
BRDA:108,9,1,0
BRDA:114,10,0,1
BRDA:114,10,1,0
BRDA:115,11,0,1
BRDA:115,11,1,0
BRDA:116,12,0,1
BRDA:116,12,1,0
BRDA:118,13,0,1
BRDA:118,13,1,0
BRDA:136,14,0,0
BRDA:136,14,1,0
BRDA:180,15,0,0
BRDA:180,15,1,2
BRDA:226,16,0,0
BRDA:226,16,1,1
BRDA:226,17,0,1
BRDA:226,17,1,1
BRDA:230,18,0,0
BRDA:230,18,1,1
BRDA:230,19,0,1
BRDA:230,19,1,1
BRDA:253,20,0,1
BRDA:253,20,1,1
BRDA:255,21,0,1
BRDA:255,21,1,0
BRDA:274,22,0,1
BRDA:274,22,1,0
BRDA:279,23,0,1
BRDA:279,23,1,0
BRF:48
BRH:32
end_of_record
